Feb 07 20:48 : exception: Failed to open '/home/rwietter/.mpd/mpdstate': No such file or directory
Feb 07 20:48 : exception: inotify_add_watch() has failed: No such file or directory
Feb 07 20:48 : config: option 'server' on line 12 was not recognized
Feb 07 20:48 : config: option 'sink' on line 13 was not recognized
Feb 07 20:48 : exception: Failed to access /home/rwietter/Música: No such file or directory
Feb 07 20:49 : exception: Failed to open '/home/rwietter/.mpd/mpdstate': No such file or directory
Feb 07 20:49 : config: option 'server' on line 12 was not recognized
Feb 07 20:49 : config: option 'sink' on line 13 was not recognized
Feb 07 20:51 : exception: Failed to access /home/rwietter/Música: No such file or directory
Feb 07 20:51 : update: added /ROBIN SCHULZ FEAT. ERIKA SIROLA – SPEECHLESS (OFFICIAL VIDEO) [wEzHUFvGO0Q].mp3
Feb 07 20:51 : update: added /ROBIN SCHULZ & HUGEL - I BELIEVE I'M FINE (OFFICIAL MUSIC VIDEO) [hzp4upS8M8Y].mp3
Feb 07 20:51 : update: added /ROBIN SCHULZ & RICHARD JUDGE – SHOW ME LOVE (OFFICIAL VIDEO) [DMg8LwfXdyc].mp3
Feb 07 20:51 : update: added /Nora En Pure - Come With Me (Official Video) [MyNfuquQKJI].mp3
Feb 07 20:51 : update: added /Robin Schulz - Headlights [feat. Ilsey] [Official Video] [vAEwLvxHVVk].mp3
Feb 07 20:51 : update: added /Robin Schulz - Sun Goes Down feat. Jasmine Thompson (Official Video) [Mo4cmTaEDIk].mp3
Feb 07 20:51 : update: added /[SPOTIFY-DOWNLOADER.COM] Float.mp3
Feb 07 20:51 : update: added /Winona Oak & Robin Schulz - Oxygen (Official Video) [aXuS6doNDQU].mp3
Feb 07 20:51 : update: added /ROBIN SCHULZ & MARC SCIBILIA - UNFORGETTABLE (OFFICIAL VIDEO) [RTergPAxY5Y].mp3
Feb 07 20:51 : exception: Failed to access /home/rwietter/Música: No such file or directory
Feb 07 20:51 : exception: Failed to access /home/rwietter/Música: No such file or directory
Feb 07 20:51 : exception: Failed to access /home/rwietter/Música: No such file or directory
Feb 07 20:52 : exception: Failed to access /home/rwietter/Música: No such file or directory
Feb 07 20:52 : exception: Failed to commit /home/rwietter/.mpd/mpdstate: File exists
Feb 07 20:52 : config: option 'server' on line 12 was not recognized
Feb 07 20:52 : config: option 'sink' on line 13 was not recognized
Feb 07 20:52 : alsa_output: Decoder is too slow; playing silence to avoid xrun
Feb 07 20:55 : player: played "Nora En Pure - Come With Me (Official Video) [MyNfuquQKJI].mp3"
Feb 07 20:55 : config: option 'server' on line 12 was not recognized
Feb 07 20:55 : config: option 'sink' on line 13 was not recognized
Feb 07 20:55 : alsa_output: Decoder is too slow; playing silence to avoid xrun
Feb 07 20:59 : config: option 'server' on line 12 was not recognized
Feb 07 20:59 : config: option 'sink' on line 13 was not recognized
Feb 07 21:01 : player: played "Nora En Pure - Come With Me (Official Video) [MyNfuquQKJI].mp3"
Apr 16 11:20 : exception: Failed to decode /home/rwietter/Music/Nora En Pure - Come With Me (Official Video) [MyNfuquQKJI].mp3; Failed to open '/home/rwietter/Music/Nora En Pure - Come With Me (Official Video) [MyNfuquQKJI].mp3': No such file or directory
Apr 16 11:20 : config: option 'server' on line 12 was not recognized
Apr 16 11:20 : config: option 'sink' on line 13 was not recognized
Apr 16 11:20 : player: played "Nora En Pure - Come With Me (Official Video) [MyNfuquQKJI].mp3"
Apr 16 11:20 : exception: Failed to decode /home/rwietter/Music/Nora En Pure - Come With Me (Official Video) [MyNfuquQKJI].mp3; Failed to open '/home/rwietter/Music/Nora En Pure - Come With Me (Official Video) [MyNfuquQKJI].mp3': No such file or directory
Apr 16 11:20 : player: played "Nora En Pure - Come With Me (Official Video) [MyNfuquQKJI].mp3"
Apr 16 11:20 : exception: Failed to decode /home/rwietter/Music/Nora En Pure - Come With Me (Official Video) [MyNfuquQKJI].mp3; Failed to open '/home/rwietter/Music/Nora En Pure - Come With Me (Official Video) [MyNfuquQKJI].mp3': No such file or directory
Apr 16 11:20 : player: played "Nora En Pure - Come With Me (Official Video) [MyNfuquQKJI].mp3"
Apr 16 11:20 : exception: Failed to decode /home/rwietter/Music/Nora En Pure - Come With Me (Official Video) [MyNfuquQKJI].mp3; Failed to open '/home/rwietter/Music/Nora En Pure - Come With Me (Official Video) [MyNfuquQKJI].mp3': No such file or directory
Apr 16 11:21 : exception: Failed to decode /home/rwietter/Music/Nora En Pure - Come With Me (Official Video) [MyNfuquQKJI].mp3; Failed to open '/home/rwietter/Music/Nora En Pure - Come With Me (Official Video) [MyNfuquQKJI].mp3': No such file or directory
Apr 16 11:21 : player: played "Nora En Pure - Come With Me (Official Video) [MyNfuquQKJI].mp3"
Apr 16 11:21 : exception: Failed to decode /home/rwietter/Music/Robin Schulz - Headlights [feat. Ilsey] [Official Video] [vAEwLvxHVVk].mp3; Failed to open '/home/rwietter/Music/Robin Schulz - Headlights [feat. Ilsey] [Official Video] [vAEwLvxHVVk].mp3': No such file or directory
Apr 16 11:21 : player: played "Robin Schulz - Headlights [feat. Ilsey] [Official Video] [vAEwLvxHVVk].mp3"
Apr 16 11:21 : exception: Failed to decode /home/rwietter/Music/Robin Schulz - Headlights [feat. Ilsey] [Official Video] [vAEwLvxHVVk].mp3; Failed to open '/home/rwietter/Music/Robin Schulz - Headlights [feat. Ilsey] [Official Video] [vAEwLvxHVVk].mp3': No such file or directory
Apr 16 11:21 : update: removing Nora En Pure - Come With Me (Official Video) [MyNfuquQKJI].mp3
Apr 16 11:21 : update: removing Robin Schulz - Headlights [feat. Ilsey] [Official Video] [vAEwLvxHVVk].mp3
Apr 16 11:21 : update: removing Robin Schulz - Sun Goes Down feat. Jasmine Thompson (Official Video) [Mo4cmTaEDIk].mp3
Apr 16 11:21 : update: removing ROBIN SCHULZ & HUGEL - I BELIEVE I'M FINE (OFFICIAL MUSIC VIDEO) [hzp4upS8M8Y].mp3
Apr 16 11:21 : update: removing ROBIN SCHULZ FEAT. ERIKA SIROLA – SPEECHLESS (OFFICIAL VIDEO) [wEzHUFvGO0Q].mp3
Apr 16 11:21 : update: removing ROBIN SCHULZ & RICHARD JUDGE – SHOW ME LOVE (OFFICIAL VIDEO) [DMg8LwfXdyc].mp3
Apr 16 11:21 : update: removing ROBIN SCHULZ & MARC SCIBILIA - UNFORGETTABLE (OFFICIAL VIDEO) [RTergPAxY5Y].mp3
Apr 16 11:21 : update: removing [SPOTIFY-DOWNLOADER.COM] Float.mp3
Apr 16 11:21 : update: removing Winona Oak & Robin Schulz - Oxygen (Official Video) [aXuS6doNDQU].mp3
Apr 16 11:21 : update: added new/X2Download.app - Dream Chaos, Della - Supergirl [DEEP HOUSE 2023] (320 kbps).mp3
Apr 16 11:21 : update: added new/X2Download.app - Max Martis & HALUNA - California Dreamin' (320 kbps).mp3
Apr 16 11:21 : update: added new/X2Download.app - Elise Lieberth & Le Bober - Say It Right (Magic Cover Release) (320 kbps).mp3
Apr 16 11:21 : update: added /X2Download.app - Tiësto - Lay Low (Official Music Video) (320 kbps).mp3
Apr 16 11:21 : update: added /X2Download.app - Martin Garrix - Animals (Official Video) (320 kbps).mp3
Apr 16 11:21 : update: added /X2Download.app - Tiësto & The Chainsmokers - Split (Only U) [Official Music Video] (320 kbps).mp3
Apr 16 11:21 : update: added /X2Download.app - Nirvana - Smells Like Teen Spirit (Official Music Video) (320 kbps).mp3
Apr 16 11:21 : update: added /X2Download.app - Anyma & Chris Avantgarde - Eternity [Live from GENESYS London] (320 kbps).mp3
Apr 16 11:21 : update: added /X2Download.app - Calvin Harris - Summer (Official Video) (320 kbps).mp3
Apr 16 11:21 : update: added /X2Download.app - Swedish House Mafia ft. John Martin - Don't You Worry Child (Official Video) (320 kbps).mp3
Apr 16 11:23 : player: played "X2Download.app - Martin Garrix - Animals (Official Video) (320 kbps).mp3"
Apr 16 11:28 : player: played "X2Download.app - Nirvana - Smells Like Teen Spirit (Official Music Video) (320 kbps).mp3"
Apr 16 18:11 : player: played "new/X2Download.app - Dream Chaos, Della - Supergirl [DEEP HOUSE 2023] (320 kbps).mp3"
Apr 16 18:58 : config: option 'server' on line 12 was not recognized
Apr 16 18:58 : config: option 'sink' on line 13 was not recognized
Apr 16 18:59 : player: played "new/X2Download.app - Dream Chaos, Della - Supergirl [DEEP HOUSE 2023] (320 kbps).mp3"
Nov 24 14:30 : exception: Failed to decode /home/rwietter/Músicas/new/X2Download.app - Dream Chaos, Della - Supergirl [DEEP HOUSE 2023] (320 kbps).mp3; Failed to open '/home/rwietter/Músicas/new/X2Download.app - Dream Chaos, Della - Supergirl [DEEP HOUSE 2023] (320 kbps).mp3': No such file or directory
Nov 24 14:30 : config: option 'server' on line 12 was not recognized
Nov 24 14:30 : config: option 'sink' on line 13 was not recognized
Nov 24 14:30 : player: played "new/X2Download.app - Dream Chaos, Della - Supergirl [DEEP HOUSE 2023] (320 kbps).mp3"
Dec 31 12:06 : config: option 'server' on line 12 was not recognized
Dec 31 12:06 : config: option 'sink' on line 13 was not recognized
Dec 31 12:07 : exception: Failed to decode /home/rwietter/Músicas/X2Download.app - Calvin Harris - Summer (Official Video) (320 kbps).mp3; Failed to open '/home/rwietter/Músicas/X2Download.app - Calvin Harris - Summer (Official Video) (320 kbps).mp3': No such file or directory
Dec 31 12:07 : player: played "X2Download.app - Calvin Harris - Summer (Official Video) (320 kbps).mp3"
Dec 31 12:07 : exception: Failed to decode /home/rwietter/Músicas/X2Download.app - Nirvana - Smells Like Teen Spirit (Official Music Video) (320 kbps).mp3; Failed to open '/home/rwietter/Músicas/X2Download.app - Nirvana - Smells Like Teen Spirit (Official Music Video) (320 kbps).mp3': No such file or directory
Dec 31 12:07 : player: played "X2Download.app - Nirvana - Smells Like Teen Spirit (Official Music Video) (320 kbps).mp3"
Dec 31 12:07 : exception: Failed to decode /home/rwietter/Músicas/X2Download.app - Swedish House Mafia ft. John Martin - Don't You Worry Child (Official Video) (320 kbps).mp3; Failed to open '/home/rwietter/Músicas/X2Download.app - Swedish House Mafia ft. John Martin - Don't You Worry Child (Official Video) (320 kbps).mp3': No such file or directory
Dec 31 12:07 : player: played "X2Download.app - Swedish House Mafia ft. John Martin - Don't You Worry Child (Official Video) (320 kbps).mp3"
Dec 31 12:07 : exception: Failed to decode /home/rwietter/Músicas/X2Download.app - Tiësto - Lay Low (Official Music Video) (320 kbps).mp3; Failed to open '/home/rwietter/Músicas/X2Download.app - Tiësto - Lay Low (Official Music Video) (320 kbps).mp3': No such file or directory
Dec 31 12:07 : player: played "X2Download.app - Tiësto - Lay Low (Official Music Video) (320 kbps).mp3"
Dec 31 12:07 : exception: Failed to decode /home/rwietter/Músicas/X2Download.app - Tiësto & The Chainsmokers - Split (Only U) [Official Music Video] (320 kbps).mp3; Failed to open '/home/rwietter/Músicas/X2Download.app - Tiësto & The Chainsmokers - Split (Only U) [Official Music Video] (320 kbps).mp3': No such file or directory
Dec 31 12:07 : player: played "X2Download.app - Tiësto & The Chainsmokers - Split (Only U) [Official Music Video] (320 kbps).mp3"
Dec 31 12:07 : exception: Failed to decode /home/rwietter/Músicas/new/X2Download.app - Dream Chaos, Della - Supergirl [DEEP HOUSE 2023] (320 kbps).mp3; Failed to open '/home/rwietter/Músicas/new/X2Download.app - Dream Chaos, Della - Supergirl [DEEP HOUSE 2023] (320 kbps).mp3': No such file or directory
Dec 31 12:07 : player: played "new/X2Download.app - Dream Chaos, Della - Supergirl [DEEP HOUSE 2023] (320 kbps).mp3"
Dec 31 12:07 : exception: Failed to decode /home/rwietter/Músicas/new/X2Download.app - Elise Lieberth & Le Bober - Say It Right (Magic Cover Release) (320 kbps).mp3; Failed to open '/home/rwietter/Músicas/new/X2Download.app - Elise Lieberth & Le Bober - Say It Right (Magic Cover Release) (320 kbps).mp3': No such file or directory
Dec 31 12:07 : player: played "new/X2Download.app - Elise Lieberth & Le Bober - Say It Right (Magic Cover Release) (320 kbps).mp3"
Dec 31 12:07 : exception: Failed to decode /home/rwietter/Músicas/new/X2Download.app - Max Martis & HALUNA - California Dreamin' (320 kbps).mp3; Failed to open '/home/rwietter/Músicas/new/X2Download.app - Max Martis & HALUNA - California Dreamin' (320 kbps).mp3': No such file or directory
Dec 31 12:07 : player: played "new/X2Download.app - Max Martis & HALUNA - California Dreamin' (320 kbps).mp3"
Dec 31 12:07 : exception: Failed to decode /home/rwietter/Músicas/X2Download.app - Anyma & Chris Avantgarde - Eternity [Live from GENESYS London] (320 kbps).mp3; Failed to open '/home/rwietter/Músicas/X2Download.app - Anyma & Chris Avantgarde - Eternity [Live from GENESYS London] (320 kbps).mp3': No such file or directory
Dec 31 12:07 : exception: Failed to decode /home/rwietter/Músicas/X2Download.app - Calvin Harris - Summer (Official Video) (320 kbps).mp3; Failed to open '/home/rwietter/Músicas/X2Download.app - Calvin Harris - Summer (Official Video) (320 kbps).mp3': No such file or directory
Dec 31 12:07 : player: played "X2Download.app - Anyma & Chris Avantgarde - Eternity [Live from GENESYS London] (320 kbps).mp3"
Dec 31 12:07 : exception: Failed to decode /home/rwietter/Músicas/X2Download.app - Calvin Harris - Summer (Official Video) (320 kbps).mp3; Failed to open '/home/rwietter/Músicas/X2Download.app - Calvin Harris - Summer (Official Video) (320 kbps).mp3': No such file or directory
Dec 31 12:07 : player: played "X2Download.app - Calvin Harris - Summer (Official Video) (320 kbps).mp3"
Dec 31 12:07 : exception: Failed to decode /home/rwietter/Músicas/X2Download.app - Nirvana - Smells Like Teen Spirit (Official Music Video) (320 kbps).mp3; Failed to open '/home/rwietter/Músicas/X2Download.app - Nirvana - Smells Like Teen Spirit (Official Music Video) (320 kbps).mp3': No such file or directory
Dec 31 12:07 : player: played "X2Download.app - Nirvana - Smells Like Teen Spirit (Official Music Video) (320 kbps).mp3"
Dec 31 12:07 : exception: Failed to decode /home/rwietter/Músicas/X2Download.app - Swedish House Mafia ft. John Martin - Don't You Worry Child (Official Video) (320 kbps).mp3; Failed to open '/home/rwietter/Músicas/X2Download.app - Swedish House Mafia ft. John Martin - Don't You Worry Child (Official Video) (320 kbps).mp3': No such file or directory
Dec 31 12:07 : player: played "X2Download.app - Swedish House Mafia ft. John Martin - Don't You Worry Child (Official Video) (320 kbps).mp3"
Dec 31 12:07 : exception: Failed to decode /home/rwietter/Músicas/X2Download.app - Tiësto - Lay Low (Official Music Video) (320 kbps).mp3; Failed to open '/home/rwietter/Músicas/X2Download.app - Tiësto - Lay Low (Official Music Video) (320 kbps).mp3': No such file or directory
Dec 31 12:07 : player: played "X2Download.app - Tiësto - Lay Low (Official Music Video) (320 kbps).mp3"
Dec 31 12:07 : exception: Failed to decode /home/rwietter/Músicas/X2Download.app - Tiësto & The Chainsmokers - Split (Only U) [Official Music Video] (320 kbps).mp3; Failed to open '/home/rwietter/Músicas/X2Download.app - Tiësto & The Chainsmokers - Split (Only U) [Official Music Video] (320 kbps).mp3': No such file or directory
Dec 31 12:07 : player: played "X2Download.app - Tiësto & The Chainsmokers - Split (Only U) [Official Music Video] (320 kbps).mp3"
Dec 31 12:07 : exception: Failed to decode /home/rwietter/Músicas/new/X2Download.app - Dream Chaos, Della - Supergirl [DEEP HOUSE 2023] (320 kbps).mp3; Failed to open '/home/rwietter/Músicas/new/X2Download.app - Dream Chaos, Della - Supergirl [DEEP HOUSE 2023] (320 kbps).mp3': No such file or directory
Dec 31 12:07 : player: played "new/X2Download.app - Dream Chaos, Della - Supergirl [DEEP HOUSE 2023] (320 kbps).mp3"
Dec 31 12:07 : exception: Failed to decode /home/rwietter/Músicas/new/X2Download.app - Elise Lieberth & Le Bober - Say It Right (Magic Cover Release) (320 kbps).mp3; Failed to open '/home/rwietter/Músicas/new/X2Download.app - Elise Lieberth & Le Bober - Say It Right (Magic Cover Release) (320 kbps).mp3': No such file or directory
Dec 31 12:07 : exception: Failed to decode /home/rwietter/Músicas/new/X2Download.app - Max Martis & HALUNA - California Dreamin' (320 kbps).mp3; Failed to open '/home/rwietter/Músicas/new/X2Download.app - Max Martis & HALUNA - California Dreamin' (320 kbps).mp3': No such file or directory
Dec 31 12:07 : player: played "new/X2Download.app - Elise Lieberth & Le Bober - Say It Right (Magic Cover Release) (320 kbps).mp3"
Dec 31 12:07 : exception: Failed to decode /home/rwietter/Músicas/new/X2Download.app - Max Martis & HALUNA - California Dreamin' (320 kbps).mp3; Failed to open '/home/rwietter/Músicas/new/X2Download.app - Max Martis & HALUNA - California Dreamin' (320 kbps).mp3': No such file or directory
Dec 31 12:07 : player: played "new/X2Download.app - Max Martis & HALUNA - California Dreamin' (320 kbps).mp3"
Dec 31 12:07 : exception: Failed to decode /home/rwietter/Músicas/X2Download.app - Anyma & Chris Avantgarde - Eternity [Live from GENESYS London] (320 kbps).mp3; Failed to open '/home/rwietter/Músicas/X2Download.app - Anyma & Chris Avantgarde - Eternity [Live from GENESYS London] (320 kbps).mp3': No such file or directory
Dec 31 12:07 : player: played "X2Download.app - Anyma & Chris Avantgarde - Eternity [Live from GENESYS London] (320 kbps).mp3"
Dec 31 12:07 : exception: Failed to decode /home/rwietter/Músicas/X2Download.app - Calvin Harris - Summer (Official Video) (320 kbps).mp3; Failed to open '/home/rwietter/Músicas/X2Download.app - Calvin Harris - Summer (Official Video) (320 kbps).mp3': No such file or directory
Dec 31 12:07 : player: played "X2Download.app - Calvin Harris - Summer (Official Video) (320 kbps).mp3"
Dec 31 12:07 : exception: Failed to decode /home/rwietter/Músicas/X2Download.app - Nirvana - Smells Like Teen Spirit (Official Music Video) (320 kbps).mp3; Failed to open '/home/rwietter/Músicas/X2Download.app - Nirvana - Smells Like Teen Spirit (Official Music Video) (320 kbps).mp3': No such file or directory
Dec 31 12:07 : player: played "X2Download.app - Nirvana - Smells Like Teen Spirit (Official Music Video) (320 kbps).mp3"
Dec 31 12:07 : exception: Failed to decode /home/rwietter/Músicas/X2Download.app - Swedish House Mafia ft. John Martin - Don't You Worry Child (Official Video) (320 kbps).mp3; Failed to open '/home/rwietter/Músicas/X2Download.app - Swedish House Mafia ft. John Martin - Don't You Worry Child (Official Video) (320 kbps).mp3': No such file or directory
Dec 31 12:07 : player: played "X2Download.app - Swedish House Mafia ft. John Martin - Don't You Worry Child (Official Video) (320 kbps).mp3"
Dec 31 12:07 : exception: Failed to decode /home/rwietter/Músicas/X2Download.app - Tiësto - Lay Low (Official Music Video) (320 kbps).mp3; Failed to open '/home/rwietter/Músicas/X2Download.app - Tiësto - Lay Low (Official Music Video) (320 kbps).mp3': No such file or directory
Dec 31 12:07 : player: played "X2Download.app - Tiësto - Lay Low (Official Music Video) (320 kbps).mp3"
Dec 31 12:07 : exception: Failed to decode /home/rwietter/Músicas/X2Download.app - Tiësto & The Chainsmokers - Split (Only U) [Official Music Video] (320 kbps).mp3; Failed to open '/home/rwietter/Músicas/X2Download.app - Tiësto & The Chainsmokers - Split (Only U) [Official Music Video] (320 kbps).mp3': No such file or directory
Dec 31 12:07 : player: played "X2Download.app - Tiësto & The Chainsmokers - Split (Only U) [Official Music Video] (320 kbps).mp3"
Dec 31 12:07 : exception: Failed to decode /home/rwietter/Músicas/new/X2Download.app - Dream Chaos, Della - Supergirl [DEEP HOUSE 2023] (320 kbps).mp3; Failed to open '/home/rwietter/Músicas/new/X2Download.app - Dream Chaos, Della - Supergirl [DEEP HOUSE 2023] (320 kbps).mp3': No such file or directory
Dec 31 12:07 : exception: Failed to decode /home/rwietter/Músicas/new/X2Download.app - Elise Lieberth & Le Bober - Say It Right (Magic Cover Release) (320 kbps).mp3; Failed to open '/home/rwietter/Músicas/new/X2Download.app - Elise Lieberth & Le Bober - Say It Right (Magic Cover Release) (320 kbps).mp3': No such file or directory
Dec 31 12:07 : player: played "new/X2Download.app - Dream Chaos, Della - Supergirl [DEEP HOUSE 2023] (320 kbps).mp3"
Dec 31 12:07 : exception: Failed to decode /home/rwietter/Músicas/new/X2Download.app - Elise Lieberth & Le Bober - Say It Right (Magic Cover Release) (320 kbps).mp3; Failed to open '/home/rwietter/Músicas/new/X2Download.app - Elise Lieberth & Le Bober - Say It Right (Magic Cover Release) (320 kbps).mp3': No such file or directory
Dec 31 12:07 : player: played "new/X2Download.app - Elise Lieberth & Le Bober - Say It Right (Magic Cover Release) (320 kbps).mp3"
Dec 31 12:07 : exception: Failed to decode /home/rwietter/Músicas/new/X2Download.app - Max Martis & HALUNA - California Dreamin' (320 kbps).mp3; Failed to open '/home/rwietter/Músicas/new/X2Download.app - Max Martis & HALUNA - California Dreamin' (320 kbps).mp3': No such file or directory
Dec 31 12:07 : player: played "new/X2Download.app - Max Martis & HALUNA - California Dreamin' (320 kbps).mp3"
Dec 31 12:07 : exception: Failed to decode /home/rwietter/Músicas/X2Download.app - Calvin Harris - Summer (Official Video) (320 kbps).mp3; Failed to open '/home/rwietter/Músicas/X2Download.app - Calvin Harris - Summer (Official Video) (320 kbps).mp3': No such file or directory
Dec 31 12:07 : exception: Failed to decode /home/rwietter/Músicas/X2Download.app - Nirvana - Smells Like Teen Spirit (Official Music Video) (320 kbps).mp3; Failed to open '/home/rwietter/Músicas/X2Download.app - Nirvana - Smells Like Teen Spirit (Official Music Video) (320 kbps).mp3': No such file or directory
Dec 31 12:07 : player: played "X2Download.app - Calvin Harris - Summer (Official Video) (320 kbps).mp3"
Dec 31 12:07 : exception: Failed to decode /home/rwietter/Músicas/X2Download.app - Nirvana - Smells Like Teen Spirit (Official Music Video) (320 kbps).mp3; Failed to open '/home/rwietter/Músicas/X2Download.app - Nirvana - Smells Like Teen Spirit (Official Music Video) (320 kbps).mp3': No such file or directory
Dec 31 12:07 : player: played "X2Download.app - Nirvana - Smells Like Teen Spirit (Official Music Video) (320 kbps).mp3"
Dec 31 12:07 : exception: Failed to decode /home/rwietter/Músicas/X2Download.app - Swedish House Mafia ft. John Martin - Don't You Worry Child (Official Video) (320 kbps).mp3; Failed to open '/home/rwietter/Músicas/X2Download.app - Swedish House Mafia ft. John Martin - Don't You Worry Child (Official Video) (320 kbps).mp3': No such file or directory
Dec 31 12:07 : player: played "X2Download.app - Swedish House Mafia ft. John Martin - Don't You Worry Child (Official Video) (320 kbps).mp3"
Dec 31 12:07 : exception: Failed to decode /home/rwietter/Músicas/X2Download.app - Tiësto - Lay Low (Official Music Video) (320 kbps).mp3; Failed to open '/home/rwietter/Músicas/X2Download.app - Tiësto - Lay Low (Official Music Video) (320 kbps).mp3': No such file or directory
Dec 31 12:07 : exception: Failed to decode /home/rwietter/Músicas/X2Download.app - Tiësto & The Chainsmokers - Split (Only U) [Official Music Video] (320 kbps).mp3; Failed to open '/home/rwietter/Músicas/X2Download.app - Tiësto & The Chainsmokers - Split (Only U) [Official Music Video] (320 kbps).mp3': No such file or directory
Dec 31 12:07 : player: played "X2Download.app - Tiësto - Lay Low (Official Music Video) (320 kbps).mp3"
Dec 31 12:07 : exception: Failed to decode /home/rwietter/Músicas/X2Download.app - Tiësto & The Chainsmokers - Split (Only U) [Official Music Video] (320 kbps).mp3; Failed to open '/home/rwietter/Músicas/X2Download.app - Tiësto & The Chainsmokers - Split (Only U) [Official Music Video] (320 kbps).mp3': No such file or directory
Dec 31 12:07 : player: played "X2Download.app - Tiësto & The Chainsmokers - Split (Only U) [Official Music Video] (320 kbps).mp3"
Dec 31 12:07 : exception: Failed to decode /home/rwietter/Músicas/new/X2Download.app - Dream Chaos, Della - Supergirl [DEEP HOUSE 2023] (320 kbps).mp3; Failed to open '/home/rwietter/Músicas/new/X2Download.app - Dream Chaos, Della - Supergirl [DEEP HOUSE 2023] (320 kbps).mp3': No such file or directory
Dec 31 12:07 : player: played "new/X2Download.app - Dream Chaos, Della - Supergirl [DEEP HOUSE 2023] (320 kbps).mp3"
Dec 31 12:07 : exception: Failed to decode /home/rwietter/Músicas/new/X2Download.app - Elise Lieberth & Le Bober - Say It Right (Magic Cover Release) (320 kbps).mp3; Failed to open '/home/rwietter/Músicas/new/X2Download.app - Elise Lieberth & Le Bober - Say It Right (Magic Cover Release) (320 kbps).mp3': No such file or directory
Dec 31 12:07 : exception: Failed to decode /home/rwietter/Músicas/new/X2Download.app - Max Martis & HALUNA - California Dreamin' (320 kbps).mp3; Failed to open '/home/rwietter/Músicas/new/X2Download.app - Max Martis & HALUNA - California Dreamin' (320 kbps).mp3': No such file or directory
Dec 31 12:07 : player: played "new/X2Download.app - Elise Lieberth & Le Bober - Say It Right (Magic Cover Release) (320 kbps).mp3"
Dec 31 12:07 : exception: Failed to decode /home/rwietter/Músicas/new/X2Download.app - Max Martis & HALUNA - California Dreamin' (320 kbps).mp3; Failed to open '/home/rwietter/Músicas/new/X2Download.app - Max Martis & HALUNA - California Dreamin' (320 kbps).mp3': No such file or directory
Dec 31 12:07 : player: played "new/X2Download.app - Max Martis & HALUNA - California Dreamin' (320 kbps).mp3"
Dec 31 12:07 : exception: Failed to decode /home/rwietter/Músicas/X2Download.app - Anyma & Chris Avantgarde - Eternity [Live from GENESYS London] (320 kbps).mp3; Failed to open '/home/rwietter/Músicas/X2Download.app - Anyma & Chris Avantgarde - Eternity [Live from GENESYS London] (320 kbps).mp3': No such file or directory
Dec 31 12:07 : player: played "X2Download.app - Anyma & Chris Avantgarde - Eternity [Live from GENESYS London] (320 kbps).mp3"
Dec 31 12:07 : exception: Failed to decode /home/rwietter/Músicas/X2Download.app - Calvin Harris - Summer (Official Video) (320 kbps).mp3; Failed to open '/home/rwietter/Músicas/X2Download.app - Calvin Harris - Summer (Official Video) (320 kbps).mp3': No such file or directory
Dec 31 12:07 : exception: Failed to decode /home/rwietter/Músicas/X2Download.app - Nirvana - Smells Like Teen Spirit (Official Music Video) (320 kbps).mp3; Failed to open '/home/rwietter/Músicas/X2Download.app - Nirvana - Smells Like Teen Spirit (Official Music Video) (320 kbps).mp3': No such file or directory
Dec 31 12:07 : player: played "X2Download.app - Calvin Harris - Summer (Official Video) (320 kbps).mp3"
Dec 31 12:07 : exception: Failed to decode /home/rwietter/Músicas/X2Download.app - Nirvana - Smells Like Teen Spirit (Official Music Video) (320 kbps).mp3; Failed to open '/home/rwietter/Músicas/X2Download.app - Nirvana - Smells Like Teen Spirit (Official Music Video) (320 kbps).mp3': No such file or directory
Dec 31 12:07 : player: played "X2Download.app - Nirvana - Smells Like Teen Spirit (Official Music Video) (320 kbps).mp3"
Dec 31 12:07 : exception: Failed to decode /home/rwietter/Músicas/X2Download.app - Swedish House Mafia ft. John Martin - Don't You Worry Child (Official Video) (320 kbps).mp3; Failed to open '/home/rwietter/Músicas/X2Download.app - Swedish House Mafia ft. John Martin - Don't You Worry Child (Official Video) (320 kbps).mp3': No such file or directory
Dec 31 12:07 : exception: Failed to decode /home/rwietter/Músicas/X2Download.app - Tiësto - Lay Low (Official Music Video) (320 kbps).mp3; Failed to open '/home/rwietter/Músicas/X2Download.app - Tiësto - Lay Low (Official Music Video) (320 kbps).mp3': No such file or directory
Dec 31 12:07 : player: played "X2Download.app - Swedish House Mafia ft. John Martin - Don't You Worry Child (Official Video) (320 kbps).mp3"
Dec 31 12:07 : exception: Failed to decode /home/rwietter/Músicas/X2Download.app - Tiësto - Lay Low (Official Music Video) (320 kbps).mp3; Failed to open '/home/rwietter/Músicas/X2Download.app - Tiësto - Lay Low (Official Music Video) (320 kbps).mp3': No such file or directory
Dec 31 12:07 : exception: Failed to decode /home/rwietter/Músicas/X2Download.app - Tiësto & The Chainsmokers - Split (Only U) [Official Music Video] (320 kbps).mp3; Failed to open '/home/rwietter/Músicas/X2Download.app - Tiësto & The Chainsmokers - Split (Only U) [Official Music Video] (320 kbps).mp3': No such file or directory
Dec 31 12:07 : player: played "X2Download.app - Tiësto - Lay Low (Official Music Video) (320 kbps).mp3"
Dec 31 12:07 : exception: Failed to decode /home/rwietter/Músicas/X2Download.app - Tiësto & The Chainsmokers - Split (Only U) [Official Music Video] (320 kbps).mp3; Failed to open '/home/rwietter/Músicas/X2Download.app - Tiësto & The Chainsmokers - Split (Only U) [Official Music Video] (320 kbps).mp3': No such file or directory
Dec 31 12:07 : player: played "X2Download.app - Tiësto & The Chainsmokers - Split (Only U) [Official Music Video] (320 kbps).mp3"
Dec 31 12:07 : exception: Failed to decode /home/rwietter/Músicas/new/X2Download.app - Dream Chaos, Della - Supergirl [DEEP HOUSE 2023] (320 kbps).mp3; Failed to open '/home/rwietter/Músicas/new/X2Download.app - Dream Chaos, Della - Supergirl [DEEP HOUSE 2023] (320 kbps).mp3': No such file or directory
Dec 31 12:07 : exception: Failed to decode /home/rwietter/Músicas/new/X2Download.app - Elise Lieberth & Le Bober - Say It Right (Magic Cover Release) (320 kbps).mp3; Failed to open '/home/rwietter/Músicas/new/X2Download.app - Elise Lieberth & Le Bober - Say It Right (Magic Cover Release) (320 kbps).mp3': No such file or directory
Dec 31 12:07 : player: played "new/X2Download.app - Dream Chaos, Della - Supergirl [DEEP HOUSE 2023] (320 kbps).mp3"
Dec 31 12:07 : exception: Failed to decode /home/rwietter/Músicas/new/X2Download.app - Elise Lieberth & Le Bober - Say It Right (Magic Cover Release) (320 kbps).mp3; Failed to open '/home/rwietter/Músicas/new/X2Download.app - Elise Lieberth & Le Bober - Say It Right (Magic Cover Release) (320 kbps).mp3': No such file or directory
Dec 31 12:07 : player: played "new/X2Download.app - Elise Lieberth & Le Bober - Say It Right (Magic Cover Release) (320 kbps).mp3"
Dec 31 12:07 : exception: Failed to decode /home/rwietter/Músicas/new/X2Download.app - Max Martis & HALUNA - California Dreamin' (320 kbps).mp3; Failed to open '/home/rwietter/Músicas/new/X2Download.app - Max Martis & HALUNA - California Dreamin' (320 kbps).mp3': No such file or directory
Dec 31 12:07 : player: played "new/X2Download.app - Max Martis & HALUNA - California Dreamin' (320 kbps).mp3"
Dec 31 12:07 : exception: Failed to decode /home/rwietter/Músicas/X2Download.app - Calvin Harris - Summer (Official Video) (320 kbps).mp3; Failed to open '/home/rwietter/Músicas/X2Download.app - Calvin Harris - Summer (Official Video) (320 kbps).mp3': No such file or directory
Dec 31 12:07 : exception: Failed to decode /home/rwietter/Músicas/X2Download.app - Nirvana - Smells Like Teen Spirit (Official Music Video) (320 kbps).mp3; Failed to open '/home/rwietter/Músicas/X2Download.app - Nirvana - Smells Like Teen Spirit (Official Music Video) (320 kbps).mp3': No such file or directory
Dec 31 12:07 : player: played "X2Download.app - Calvin Harris - Summer (Official Video) (320 kbps).mp3"
Dec 31 12:07 : exception: Failed to decode /home/rwietter/Músicas/X2Download.app - Nirvana - Smells Like Teen Spirit (Official Music Video) (320 kbps).mp3; Failed to open '/home/rwietter/Músicas/X2Download.app - Nirvana - Smells Like Teen Spirit (Official Music Video) (320 kbps).mp3': No such file or directory
Dec 31 12:07 : exception: Failed to decode /home/rwietter/Músicas/X2Download.app - Swedish House Mafia ft. John Martin - Don't You Worry Child (Official Video) (320 kbps).mp3; Failed to open '/home/rwietter/Músicas/X2Download.app - Swedish House Mafia ft. John Martin - Don't You Worry Child (Official Video) (320 kbps).mp3': No such file or directory
Dec 31 12:07 : player: played "X2Download.app - Nirvana - Smells Like Teen Spirit (Official Music Video) (320 kbps).mp3"
Dec 31 12:07 : exception: Failed to decode /home/rwietter/Músicas/X2Download.app - Swedish House Mafia ft. John Martin - Don't You Worry Child (Official Video) (320 kbps).mp3; Failed to open '/home/rwietter/Músicas/X2Download.app - Swedish House Mafia ft. John Martin - Don't You Worry Child (Official Video) (320 kbps).mp3': No such file or directory
Dec 31 12:07 : player: played "X2Download.app - Swedish House Mafia ft. John Martin - Don't You Worry Child (Official Video) (320 kbps).mp3"
Dec 31 12:07 : exception: Failed to decode /home/rwietter/Músicas/X2Download.app - Tiësto - Lay Low (Official Music Video) (320 kbps).mp3; Failed to open '/home/rwietter/Músicas/X2Download.app - Tiësto - Lay Low (Official Music Video) (320 kbps).mp3': No such file or directory
Dec 31 12:07 : exception: Failed to decode /home/rwietter/Músicas/X2Download.app - Tiësto & The Chainsmokers - Split (Only U) [Official Music Video] (320 kbps).mp3; Failed to open '/home/rwietter/Músicas/X2Download.app - Tiësto & The Chainsmokers - Split (Only U) [Official Music Video] (320 kbps).mp3': No such file or directory
Dec 31 12:07 : player: played "X2Download.app - Tiësto - Lay Low (Official Music Video) (320 kbps).mp3"
Dec 31 12:07 : exception: Failed to decode /home/rwietter/Músicas/X2Download.app - Tiësto & The Chainsmokers - Split (Only U) [Official Music Video] (320 kbps).mp3; Failed to open '/home/rwietter/Músicas/X2Download.app - Tiësto & The Chainsmokers - Split (Only U) [Official Music Video] (320 kbps).mp3': No such file or directory
Dec 31 12:07 : player: played "X2Download.app - Tiësto & The Chainsmokers - Split (Only U) [Official Music Video] (320 kbps).mp3"
Dec 31 12:07 : exception: Failed to decode /home/rwietter/Músicas/new/X2Download.app - Dream Chaos, Della - Supergirl [DEEP HOUSE 2023] (320 kbps).mp3; Failed to open '/home/rwietter/Músicas/new/X2Download.app - Dream Chaos, Della - Supergirl [DEEP HOUSE 2023] (320 kbps).mp3': No such file or directory
Dec 31 12:07 : player: played "new/X2Download.app - Dream Chaos, Della - Supergirl [DEEP HOUSE 2023] (320 kbps).mp3"
Dec 31 12:07 : exception: Failed to decode /home/rwietter/Músicas/new/X2Download.app - Elise Lieberth & Le Bober - Say It Right (Magic Cover Release) (320 kbps).mp3; Failed to open '/home/rwietter/Músicas/new/X2Download.app - Elise Lieberth & Le Bober - Say It Right (Magic Cover Release) (320 kbps).mp3': No such file or directory
Dec 31 12:07 : player: played "new/X2Download.app - Elise Lieberth & Le Bober - Say It Right (Magic Cover Release) (320 kbps).mp3"
Dec 31 12:07 : exception: Failed to decode /home/rwietter/Músicas/new/X2Download.app - Max Martis & HALUNA - California Dreamin' (320 kbps).mp3; Failed to open '/home/rwietter/Músicas/new/X2Download.app - Max Martis & HALUNA - California Dreamin' (320 kbps).mp3': No such file or directory
Dec 31 12:07 : player: played "new/X2Download.app - Max Martis & HALUNA - California Dreamin' (320 kbps).mp3"
Dec 31 12:08 : config: option 'server' on line 12 was not recognized
Dec 31 12:08 : config: option 'sink' on line 13 was not recognized
Dec 31 12:08 : client: [0] command "currentsong" during idle
Dec 31 12:09 : config: option 'server' on line 12 was not recognized
Dec 31 12:09 : config: option 'sink' on line 13 was not recognized
Dec 31 12:09 : config: option 'server' on line 12 was not recognized
Dec 31 12:09 : config: option 'sink' on line 13 was not recognized
Dec 31 12:09 : exception: Failed to decode /home/rwietter/Músicas/X2Download.app - Calvin Harris - Summer (Official Video) (320 kbps).mp3; Failed to open '/home/rwietter/Músicas/X2Download.app - Calvin Harris - Summer (Official Video) (320 kbps).mp3': No such file or directory
Dec 31 12:09 : player: played "X2Download.app - Calvin Harris - Summer (Official Video) (320 kbps).mp3"
Dec 31 12:09 : exception: Failed to decode /home/rwietter/Músicas/X2Download.app - Nirvana - Smells Like Teen Spirit (Official Music Video) (320 kbps).mp3; Failed to open '/home/rwietter/Músicas/X2Download.app - Nirvana - Smells Like Teen Spirit (Official Music Video) (320 kbps).mp3': No such file or directory
Dec 31 12:09 : exception: Failed to decode /home/rwietter/Músicas/X2Download.app - Swedish House Mafia ft. John Martin - Don't You Worry Child (Official Video) (320 kbps).mp3; Failed to open '/home/rwietter/Músicas/X2Download.app - Swedish House Mafia ft. John Martin - Don't You Worry Child (Official Video) (320 kbps).mp3': No such file or directory
Dec 31 12:09 : player: played "X2Download.app - Nirvana - Smells Like Teen Spirit (Official Music Video) (320 kbps).mp3"
Dec 31 12:09 : exception: Failed to decode /home/rwietter/Músicas/X2Download.app - Swedish House Mafia ft. John Martin - Don't You Worry Child (Official Video) (320 kbps).mp3; Failed to open '/home/rwietter/Músicas/X2Download.app - Swedish House Mafia ft. John Martin - Don't You Worry Child (Official Video) (320 kbps).mp3': No such file or directory
Dec 31 12:09 : exception: Failed to decode /home/rwietter/Músicas/X2Download.app - Tiësto - Lay Low (Official Music Video) (320 kbps).mp3; Failed to open '/home/rwietter/Músicas/X2Download.app - Tiësto - Lay Low (Official Music Video) (320 kbps).mp3': No such file or directory
Dec 31 12:09 : player: played "X2Download.app - Swedish House Mafia ft. John Martin - Don't You Worry Child (Official Video) (320 kbps).mp3"
Dec 31 12:09 : exception: Failed to decode /home/rwietter/Músicas/X2Download.app - Tiësto - Lay Low (Official Music Video) (320 kbps).mp3; Failed to open '/home/rwietter/Músicas/X2Download.app - Tiësto - Lay Low (Official Music Video) (320 kbps).mp3': No such file or directory
Dec 31 12:09 : player: played "X2Download.app - Tiësto - Lay Low (Official Music Video) (320 kbps).mp3"
Dec 31 12:09 : exception: Failed to decode /home/rwietter/Músicas/X2Download.app - Tiësto & The Chainsmokers - Split (Only U) [Official Music Video] (320 kbps).mp3; Failed to open '/home/rwietter/Músicas/X2Download.app - Tiësto & The Chainsmokers - Split (Only U) [Official Music Video] (320 kbps).mp3': No such file or directory
Dec 31 12:09 : exception: Failed to decode /home/rwietter/Músicas/new/X2Download.app - Dream Chaos, Della - Supergirl [DEEP HOUSE 2023] (320 kbps).mp3; Failed to open '/home/rwietter/Músicas/new/X2Download.app - Dream Chaos, Della - Supergirl [DEEP HOUSE 2023] (320 kbps).mp3': No such file or directory
Dec 31 12:09 : player: played "X2Download.app - Tiësto & The Chainsmokers - Split (Only U) [Official Music Video] (320 kbps).mp3"
Dec 31 12:09 : exception: Failed to decode /home/rwietter/Músicas/new/X2Download.app - Dream Chaos, Della - Supergirl [DEEP HOUSE 2023] (320 kbps).mp3; Failed to open '/home/rwietter/Músicas/new/X2Download.app - Dream Chaos, Della - Supergirl [DEEP HOUSE 2023] (320 kbps).mp3': No such file or directory
Dec 31 12:09 : player: played "new/X2Download.app - Dream Chaos, Della - Supergirl [DEEP HOUSE 2023] (320 kbps).mp3"
Dec 31 12:09 : exception: Failed to decode /home/rwietter/Músicas/new/X2Download.app - Elise Lieberth & Le Bober - Say It Right (Magic Cover Release) (320 kbps).mp3; Failed to open '/home/rwietter/Músicas/new/X2Download.app - Elise Lieberth & Le Bober - Say It Right (Magic Cover Release) (320 kbps).mp3': No such file or directory
Dec 31 12:09 : player: played "new/X2Download.app - Elise Lieberth & Le Bober - Say It Right (Magic Cover Release) (320 kbps).mp3"
Dec 31 12:09 : exception: Failed to decode /home/rwietter/Músicas/new/X2Download.app - Max Martis & HALUNA - California Dreamin' (320 kbps).mp3; Failed to open '/home/rwietter/Músicas/new/X2Download.app - Max Martis & HALUNA - California Dreamin' (320 kbps).mp3': No such file or directory
Dec 31 12:09 : player: played "new/X2Download.app - Max Martis & HALUNA - California Dreamin' (320 kbps).mp3"
Dec 31 12:09 : client: [1] command "currentsong" during idle
Dec 31 12:12 : config: option 'server' on line 12 was not recognized
Dec 31 12:12 : config: option 'sink' on line 13 was not recognized
Dec 31 12:12 : exception: Failed to decode /home/rwietter/Músicas/X2Download.app - Calvin Harris - Summer (Official Video) (320 kbps).mp3; Failed to open '/home/rwietter/Músicas/X2Download.app - Calvin Harris - Summer (Official Video) (320 kbps).mp3': No such file or directory
Dec 31 12:12 : player: played "X2Download.app - Calvin Harris - Summer (Official Video) (320 kbps).mp3"
Dec 31 12:12 : exception: Failed to decode /home/rwietter/Músicas/X2Download.app - Nirvana - Smells Like Teen Spirit (Official Music Video) (320 kbps).mp3; Failed to open '/home/rwietter/Músicas/X2Download.app - Nirvana - Smells Like Teen Spirit (Official Music Video) (320 kbps).mp3': No such file or directory
Dec 31 12:12 : player: played "X2Download.app - Nirvana - Smells Like Teen Spirit (Official Music Video) (320 kbps).mp3"
Dec 31 12:12 : exception: Failed to decode /home/rwietter/Músicas/X2Download.app - Swedish House Mafia ft. John Martin - Don't You Worry Child (Official Video) (320 kbps).mp3; Failed to open '/home/rwietter/Músicas/X2Download.app - Swedish House Mafia ft. John Martin - Don't You Worry Child (Official Video) (320 kbps).mp3': No such file or directory
Dec 31 12:12 : player: played "X2Download.app - Swedish House Mafia ft. John Martin - Don't You Worry Child (Official Video) (320 kbps).mp3"
Dec 31 12:12 : exception: Failed to decode /home/rwietter/Músicas/X2Download.app - Tiësto - Lay Low (Official Music Video) (320 kbps).mp3; Failed to open '/home/rwietter/Músicas/X2Download.app - Tiësto - Lay Low (Official Music Video) (320 kbps).mp3': No such file or directory
Dec 31 12:12 : player: played "X2Download.app - Tiësto - Lay Low (Official Music Video) (320 kbps).mp3"
Dec 31 12:12 : exception: Failed to decode /home/rwietter/Músicas/X2Download.app - Tiësto & The Chainsmokers - Split (Only U) [Official Music Video] (320 kbps).mp3; Failed to open '/home/rwietter/Músicas/X2Download.app - Tiësto & The Chainsmokers - Split (Only U) [Official Music Video] (320 kbps).mp3': No such file or directory
Dec 31 12:12 : player: played "X2Download.app - Tiësto & The Chainsmokers - Split (Only U) [Official Music Video] (320 kbps).mp3"
Dec 31 12:12 : exception: Failed to decode /home/rwietter/Músicas/new/X2Download.app - Dream Chaos, Della - Supergirl [DEEP HOUSE 2023] (320 kbps).mp3; Failed to open '/home/rwietter/Músicas/new/X2Download.app - Dream Chaos, Della - Supergirl [DEEP HOUSE 2023] (320 kbps).mp3': No such file or directory
Dec 31 12:12 : player: played "new/X2Download.app - Dream Chaos, Della - Supergirl [DEEP HOUSE 2023] (320 kbps).mp3"
Dec 31 12:12 : exception: Failed to decode /home/rwietter/Músicas/new/X2Download.app - Elise Lieberth & Le Bober - Say It Right (Magic Cover Release) (320 kbps).mp3; Failed to open '/home/rwietter/Músicas/new/X2Download.app - Elise Lieberth & Le Bober - Say It Right (Magic Cover Release) (320 kbps).mp3': No such file or directory
Dec 31 12:12 : player: played "new/X2Download.app - Elise Lieberth & Le Bober - Say It Right (Magic Cover Release) (320 kbps).mp3"
Dec 31 12:12 : exception: Failed to decode /home/rwietter/Músicas/new/X2Download.app - Max Martis & HALUNA - California Dreamin' (320 kbps).mp3; Failed to open '/home/rwietter/Músicas/new/X2Download.app - Max Martis & HALUNA - California Dreamin' (320 kbps).mp3': No such file or directory
Dec 31 12:12 : player: played "new/X2Download.app - Max Martis & HALUNA - California Dreamin' (320 kbps).mp3"
Dec 31 12:13 : mixer: Failed to read mixer for 'My ALSA Device': no such mixer control: PCM
Dec 31 12:13 : exception: Failed to decode /home/rwietter/Músicas/X2Download.app - Anyma & Chris Avantgarde - Eternity [Live from GENESYS London] (320 kbps).mp3; Failed to open '/home/rwietter/Músicas/X2Download.app - Anyma & Chris Avantgarde - Eternity [Live from GENESYS London] (320 kbps).mp3': No such file or directory
Dec 31 12:13 : player: played "X2Download.app - Anyma & Chris Avantgarde - Eternity [Live from GENESYS London] (320 kbps).mp3"
Dec 31 12:13 : exception: Failed to decode /home/rwietter/Músicas/X2Download.app - Calvin Harris - Summer (Official Video) (320 kbps).mp3; Failed to open '/home/rwietter/Músicas/X2Download.app - Calvin Harris - Summer (Official Video) (320 kbps).mp3': No such file or directory
Dec 31 12:13 : player: played "X2Download.app - Calvin Harris - Summer (Official Video) (320 kbps).mp3"
Dec 31 12:13 : exception: Failed to decode /home/rwietter/Músicas/X2Download.app - Nirvana - Smells Like Teen Spirit (Official Music Video) (320 kbps).mp3; Failed to open '/home/rwietter/Músicas/X2Download.app - Nirvana - Smells Like Teen Spirit (Official Music Video) (320 kbps).mp3': No such file or directory
Dec 31 12:13 : player: played "X2Download.app - Nirvana - Smells Like Teen Spirit (Official Music Video) (320 kbps).mp3"
Dec 31 12:13 : exception: Failed to decode /home/rwietter/Músicas/X2Download.app - Swedish House Mafia ft. John Martin - Don't You Worry Child (Official Video) (320 kbps).mp3; Failed to open '/home/rwietter/Músicas/X2Download.app - Swedish House Mafia ft. John Martin - Don't You Worry Child (Official Video) (320 kbps).mp3': No such file or directory
Dec 31 12:13 : player: played "X2Download.app - Swedish House Mafia ft. John Martin - Don't You Worry Child (Official Video) (320 kbps).mp3"
Dec 31 12:13 : exception: Failed to decode /home/rwietter/Músicas/X2Download.app - Tiësto - Lay Low (Official Music Video) (320 kbps).mp3; Failed to open '/home/rwietter/Músicas/X2Download.app - Tiësto - Lay Low (Official Music Video) (320 kbps).mp3': No such file or directory
Dec 31 12:13 : player: played "X2Download.app - Tiësto - Lay Low (Official Music Video) (320 kbps).mp3"
Dec 31 12:13 : exception: Failed to decode /home/rwietter/Músicas/X2Download.app - Tiësto & The Chainsmokers - Split (Only U) [Official Music Video] (320 kbps).mp3; Failed to open '/home/rwietter/Músicas/X2Download.app - Tiësto & The Chainsmokers - Split (Only U) [Official Music Video] (320 kbps).mp3': No such file or directory
Dec 31 12:13 : player: played "X2Download.app - Tiësto & The Chainsmokers - Split (Only U) [Official Music Video] (320 kbps).mp3"
Dec 31 12:13 : exception: Failed to decode /home/rwietter/Músicas/new/X2Download.app - Dream Chaos, Della - Supergirl [DEEP HOUSE 2023] (320 kbps).mp3; Failed to open '/home/rwietter/Músicas/new/X2Download.app - Dream Chaos, Della - Supergirl [DEEP HOUSE 2023] (320 kbps).mp3': No such file or directory
Dec 31 12:13 : player: played "new/X2Download.app - Dream Chaos, Della - Supergirl [DEEP HOUSE 2023] (320 kbps).mp3"
Dec 31 12:13 : exception: Failed to decode /home/rwietter/Músicas/new/X2Download.app - Elise Lieberth & Le Bober - Say It Right (Magic Cover Release) (320 kbps).mp3; Failed to open '/home/rwietter/Músicas/new/X2Download.app - Elise Lieberth & Le Bober - Say It Right (Magic Cover Release) (320 kbps).mp3': No such file or directory
Dec 31 12:13 : player: played "new/X2Download.app - Elise Lieberth & Le Bober - Say It Right (Magic Cover Release) (320 kbps).mp3"
Dec 31 12:13 : exception: Failed to decode /home/rwietter/Músicas/new/X2Download.app - Max Martis & HALUNA - California Dreamin' (320 kbps).mp3; Failed to open '/home/rwietter/Músicas/new/X2Download.app - Max Martis & HALUNA - California Dreamin' (320 kbps).mp3': No such file or directory
Dec 31 12:13 : player: played "new/X2Download.app - Max Martis & HALUNA - California Dreamin' (320 kbps).mp3"
Dec 31 12:13 : exception: Failed to decode /home/rwietter/Músicas/X2Download.app - Calvin Harris - Summer (Official Video) (320 kbps).mp3; Failed to open '/home/rwietter/Músicas/X2Download.app - Calvin Harris - Summer (Official Video) (320 kbps).mp3': No such file or directory
Dec 31 12:13 : exception: Failed to decode /home/rwietter/Músicas/X2Download.app - Nirvana - Smells Like Teen Spirit (Official Music Video) (320 kbps).mp3; Failed to open '/home/rwietter/Músicas/X2Download.app - Nirvana - Smells Like Teen Spirit (Official Music Video) (320 kbps).mp3': No such file or directory
Dec 31 12:13 : player: played "X2Download.app - Calvin Harris - Summer (Official Video) (320 kbps).mp3"
Dec 31 12:13 : exception: Failed to decode /home/rwietter/Músicas/X2Download.app - Nirvana - Smells Like Teen Spirit (Official Music Video) (320 kbps).mp3; Failed to open '/home/rwietter/Músicas/X2Download.app - Nirvana - Smells Like Teen Spirit (Official Music Video) (320 kbps).mp3': No such file or directory
Dec 31 12:13 : player: played "X2Download.app - Nirvana - Smells Like Teen Spirit (Official Music Video) (320 kbps).mp3"
Dec 31 12:13 : exception: Failed to decode /home/rwietter/Músicas/X2Download.app - Swedish House Mafia ft. John Martin - Don't You Worry Child (Official Video) (320 kbps).mp3; Failed to open '/home/rwietter/Músicas/X2Download.app - Swedish House Mafia ft. John Martin - Don't You Worry Child (Official Video) (320 kbps).mp3': No such file or directory
Dec 31 12:13 : exception: Failed to decode /home/rwietter/Músicas/X2Download.app - Tiësto - Lay Low (Official Music Video) (320 kbps).mp3; Failed to open '/home/rwietter/Músicas/X2Download.app - Tiësto - Lay Low (Official Music Video) (320 kbps).mp3': No such file or directory
Dec 31 12:13 : player: played "X2Download.app - Swedish House Mafia ft. John Martin - Don't You Worry Child (Official Video) (320 kbps).mp3"
Dec 31 12:13 : exception: Failed to decode /home/rwietter/Músicas/X2Download.app - Tiësto - Lay Low (Official Music Video) (320 kbps).mp3; Failed to open '/home/rwietter/Músicas/X2Download.app - Tiësto - Lay Low (Official Music Video) (320 kbps).mp3': No such file or directory
Dec 31 12:13 : player: played "X2Download.app - Tiësto - Lay Low (Official Music Video) (320 kbps).mp3"
Dec 31 12:13 : exception: Failed to decode /home/rwietter/Músicas/X2Download.app - Tiësto & The Chainsmokers - Split (Only U) [Official Music Video] (320 kbps).mp3; Failed to open '/home/rwietter/Músicas/X2Download.app - Tiësto & The Chainsmokers - Split (Only U) [Official Music Video] (320 kbps).mp3': No such file or directory
Dec 31 12:13 : player: played "X2Download.app - Tiësto & The Chainsmokers - Split (Only U) [Official Music Video] (320 kbps).mp3"
Dec 31 12:13 : exception: Failed to decode /home/rwietter/Músicas/new/X2Download.app - Dream Chaos, Della - Supergirl [DEEP HOUSE 2023] (320 kbps).mp3; Failed to open '/home/rwietter/Músicas/new/X2Download.app - Dream Chaos, Della - Supergirl [DEEP HOUSE 2023] (320 kbps).mp3': No such file or directory
Dec 31 12:13 : player: played "new/X2Download.app - Dream Chaos, Della - Supergirl [DEEP HOUSE 2023] (320 kbps).mp3"
Dec 31 12:13 : exception: Failed to decode /home/rwietter/Músicas/new/X2Download.app - Elise Lieberth & Le Bober - Say It Right (Magic Cover Release) (320 kbps).mp3; Failed to open '/home/rwietter/Músicas/new/X2Download.app - Elise Lieberth & Le Bober - Say It Right (Magic Cover Release) (320 kbps).mp3': No such file or directory
Dec 31 12:13 : player: played "new/X2Download.app - Elise Lieberth & Le Bober - Say It Right (Magic Cover Release) (320 kbps).mp3"
Dec 31 12:13 : exception: Failed to decode /home/rwietter/Músicas/new/X2Download.app - Max Martis & HALUNA - California Dreamin' (320 kbps).mp3; Failed to open '/home/rwietter/Músicas/new/X2Download.app - Max Martis & HALUNA - California Dreamin' (320 kbps).mp3': No such file or directory
Dec 31 12:13 : player: played "new/X2Download.app - Max Martis & HALUNA - California Dreamin' (320 kbps).mp3"
Dec 31 12:13 : exception: Failed to decode /home/rwietter/Músicas/X2Download.app - Nirvana - Smells Like Teen Spirit (Official Music Video) (320 kbps).mp3; Failed to open '/home/rwietter/Músicas/X2Download.app - Nirvana - Smells Like Teen Spirit (Official Music Video) (320 kbps).mp3': No such file or directory
Dec 31 12:13 : exception: Failed to decode /home/rwietter/Músicas/X2Download.app - Swedish House Mafia ft. John Martin - Don't You Worry Child (Official Video) (320 kbps).mp3; Failed to open '/home/rwietter/Músicas/X2Download.app - Swedish House Mafia ft. John Martin - Don't You Worry Child (Official Video) (320 kbps).mp3': No such file or directory
Dec 31 12:13 : player: played "X2Download.app - Nirvana - Smells Like Teen Spirit (Official Music Video) (320 kbps).mp3"
Dec 31 12:13 : exception: Failed to decode /home/rwietter/Músicas/X2Download.app - Swedish House Mafia ft. John Martin - Don't You Worry Child (Official Video) (320 kbps).mp3; Failed to open '/home/rwietter/Músicas/X2Download.app - Swedish House Mafia ft. John Martin - Don't You Worry Child (Official Video) (320 kbps).mp3': No such file or directory
Dec 31 12:13 : player: played "X2Download.app - Swedish House Mafia ft. John Martin - Don't You Worry Child (Official Video) (320 kbps).mp3"
Dec 31 12:13 : exception: Failed to decode /home/rwietter/Músicas/X2Download.app - Tiësto - Lay Low (Official Music Video) (320 kbps).mp3; Failed to open '/home/rwietter/Músicas/X2Download.app - Tiësto - Lay Low (Official Music Video) (320 kbps).mp3': No such file or directory
Dec 31 12:13 : player: played "X2Download.app - Tiësto - Lay Low (Official Music Video) (320 kbps).mp3"
Dec 31 12:13 : exception: Failed to decode /home/rwietter/Músicas/X2Download.app - Tiësto & The Chainsmokers - Split (Only U) [Official Music Video] (320 kbps).mp3; Failed to open '/home/rwietter/Músicas/X2Download.app - Tiësto & The Chainsmokers - Split (Only U) [Official Music Video] (320 kbps).mp3': No such file or directory
Dec 31 12:13 : player: played "X2Download.app - Tiësto & The Chainsmokers - Split (Only U) [Official Music Video] (320 kbps).mp3"
Dec 31 12:13 : exception: Failed to decode /home/rwietter/Músicas/new/X2Download.app - Dream Chaos, Della - Supergirl [DEEP HOUSE 2023] (320 kbps).mp3; Failed to open '/home/rwietter/Músicas/new/X2Download.app - Dream Chaos, Della - Supergirl [DEEP HOUSE 2023] (320 kbps).mp3': No such file or directory
Dec 31 12:13 : player: played "new/X2Download.app - Dream Chaos, Della - Supergirl [DEEP HOUSE 2023] (320 kbps).mp3"
Dec 31 12:13 : exception: Failed to decode /home/rwietter/Músicas/new/X2Download.app - Elise Lieberth & Le Bober - Say It Right (Magic Cover Release) (320 kbps).mp3; Failed to open '/home/rwietter/Músicas/new/X2Download.app - Elise Lieberth & Le Bober - Say It Right (Magic Cover Release) (320 kbps).mp3': No such file or directory
Dec 31 12:13 : player: played "new/X2Download.app - Elise Lieberth & Le Bober - Say It Right (Magic Cover Release) (320 kbps).mp3"
Dec 31 12:13 : exception: Failed to decode /home/rwietter/Músicas/new/X2Download.app - Max Martis & HALUNA - California Dreamin' (320 kbps).mp3; Failed to open '/home/rwietter/Músicas/new/X2Download.app - Max Martis & HALUNA - California Dreamin' (320 kbps).mp3': No such file or directory
Dec 31 12:13 : player: played "new/X2Download.app - Max Martis & HALUNA - California Dreamin' (320 kbps).mp3"
Dec 31 12:13 : exception: Failed to decode /home/rwietter/Músicas/X2Download.app - Swedish House Mafia ft. John Martin - Don't You Worry Child (Official Video) (320 kbps).mp3; Failed to open '/home/rwietter/Músicas/X2Download.app - Swedish House Mafia ft. John Martin - Don't You Worry Child (Official Video) (320 kbps).mp3': No such file or directory
Dec 31 12:13 : player: played "X2Download.app - Swedish House Mafia ft. John Martin - Don't You Worry Child (Official Video) (320 kbps).mp3"
Dec 31 12:13 : exception: Failed to decode /home/rwietter/Músicas/X2Download.app - Swedish House Mafia ft. John Martin - Don't You Worry Child (Official Video) (320 kbps).mp3; Failed to open '/home/rwietter/Músicas/X2Download.app - Swedish House Mafia ft. John Martin - Don't You Worry Child (Official Video) (320 kbps).mp3': No such file or directory
Dec 31 12:13 : exception: Failed to decode /home/rwietter/Músicas/X2Download.app - Tiësto - Lay Low (Official Music Video) (320 kbps).mp3; Failed to open '/home/rwietter/Músicas/X2Download.app - Tiësto - Lay Low (Official Music Video) (320 kbps).mp3': No such file or directory
Dec 31 12:13 : player: played "X2Download.app - Tiësto - Lay Low (Official Music Video) (320 kbps).mp3"
Dec 31 12:13 : exception: Failed to decode /home/rwietter/Músicas/X2Download.app - Tiësto & The Chainsmokers - Split (Only U) [Official Music Video] (320 kbps).mp3; Failed to open '/home/rwietter/Músicas/X2Download.app - Tiësto & The Chainsmokers - Split (Only U) [Official Music Video] (320 kbps).mp3': No such file or directory
Dec 31 12:13 : player: played "X2Download.app - Tiësto & The Chainsmokers - Split (Only U) [Official Music Video] (320 kbps).mp3"
Dec 31 12:13 : exception: Failed to decode /home/rwietter/Músicas/new/X2Download.app - Dream Chaos, Della - Supergirl [DEEP HOUSE 2023] (320 kbps).mp3; Failed to open '/home/rwietter/Músicas/new/X2Download.app - Dream Chaos, Della - Supergirl [DEEP HOUSE 2023] (320 kbps).mp3': No such file or directory
Dec 31 12:13 : player: played "new/X2Download.app - Dream Chaos, Della - Supergirl [DEEP HOUSE 2023] (320 kbps).mp3"
Dec 31 12:13 : exception: Failed to decode /home/rwietter/Músicas/new/X2Download.app - Elise Lieberth & Le Bober - Say It Right (Magic Cover Release) (320 kbps).mp3; Failed to open '/home/rwietter/Músicas/new/X2Download.app - Elise Lieberth & Le Bober - Say It Right (Magic Cover Release) (320 kbps).mp3': No such file or directory
Dec 31 12:13 : player: played "new/X2Download.app - Elise Lieberth & Le Bober - Say It Right (Magic Cover Release) (320 kbps).mp3"
Dec 31 12:13 : exception: Failed to decode /home/rwietter/Músicas/new/X2Download.app - Max Martis & HALUNA - California Dreamin' (320 kbps).mp3; Failed to open '/home/rwietter/Músicas/new/X2Download.app - Max Martis & HALUNA - California Dreamin' (320 kbps).mp3': No such file or directory
Dec 31 12:13 : player: played "new/X2Download.app - Max Martis & HALUNA - California Dreamin' (320 kbps).mp3"
Dec 31 12:13 : exception: Failed to decode /home/rwietter/Músicas/X2Download.app - Tiësto - Lay Low (Official Music Video) (320 kbps).mp3; Failed to open '/home/rwietter/Músicas/X2Download.app - Tiësto - Lay Low (Official Music Video) (320 kbps).mp3': No such file or directory
Dec 31 12:13 : exception: Failed to decode /home/rwietter/Músicas/X2Download.app - Tiësto & The Chainsmokers - Split (Only U) [Official Music Video] (320 kbps).mp3; Failed to open '/home/rwietter/Músicas/X2Download.app - Tiësto & The Chainsmokers - Split (Only U) [Official Music Video] (320 kbps).mp3': No such file or directory
Dec 31 12:13 : player: played "X2Download.app - Tiësto - Lay Low (Official Music Video) (320 kbps).mp3"
Dec 31 12:13 : exception: Failed to decode /home/rwietter/Músicas/X2Download.app - Tiësto & The Chainsmokers - Split (Only U) [Official Music Video] (320 kbps).mp3; Failed to open '/home/rwietter/Músicas/X2Download.app - Tiësto & The Chainsmokers - Split (Only U) [Official Music Video] (320 kbps).mp3': No such file or directory
Dec 31 12:13 : exception: Failed to decode /home/rwietter/Músicas/new/X2Download.app - Dream Chaos, Della - Supergirl [DEEP HOUSE 2023] (320 kbps).mp3; Failed to open '/home/rwietter/Músicas/new/X2Download.app - Dream Chaos, Della - Supergirl [DEEP HOUSE 2023] (320 kbps).mp3': No such file or directory
Dec 31 12:13 : player: played "X2Download.app - Tiësto & The Chainsmokers - Split (Only U) [Official Music Video] (320 kbps).mp3"
Dec 31 12:13 : exception: Failed to decode /home/rwietter/Músicas/new/X2Download.app - Dream Chaos, Della - Supergirl [DEEP HOUSE 2023] (320 kbps).mp3; Failed to open '/home/rwietter/Músicas/new/X2Download.app - Dream Chaos, Della - Supergirl [DEEP HOUSE 2023] (320 kbps).mp3': No such file or directory
Dec 31 12:13 : player: played "new/X2Download.app - Dream Chaos, Della - Supergirl [DEEP HOUSE 2023] (320 kbps).mp3"
Dec 31 12:13 : exception: Failed to decode /home/rwietter/Músicas/new/X2Download.app - Elise Lieberth & Le Bober - Say It Right (Magic Cover Release) (320 kbps).mp3; Failed to open '/home/rwietter/Músicas/new/X2Download.app - Elise Lieberth & Le Bober - Say It Right (Magic Cover Release) (320 kbps).mp3': No such file or directory
Dec 31 12:13 : exception: Failed to decode /home/rwietter/Músicas/new/X2Download.app - Max Martis & HALUNA - California Dreamin' (320 kbps).mp3; Failed to open '/home/rwietter/Músicas/new/X2Download.app - Max Martis & HALUNA - California Dreamin' (320 kbps).mp3': No such file or directory
Dec 31 12:13 : player: played "new/X2Download.app - Elise Lieberth & Le Bober - Say It Right (Magic Cover Release) (320 kbps).mp3"
Dec 31 12:13 : exception: Failed to decode /home/rwietter/Músicas/new/X2Download.app - Max Martis & HALUNA - California Dreamin' (320 kbps).mp3; Failed to open '/home/rwietter/Músicas/new/X2Download.app - Max Martis & HALUNA - California Dreamin' (320 kbps).mp3': No such file or directory
Dec 31 12:13 : player: played "new/X2Download.app - Max Martis & HALUNA - California Dreamin' (320 kbps).mp3"
Dec 31 12:13 : update: removing X2Download.app - Tiësto - Lay Low (Official Music Video) (320 kbps).mp3
Dec 31 12:13 : update: removing X2Download.app - Swedish House Mafia ft. John Martin - Don't You Worry Child (Official Video) (320 kbps).mp3
Dec 31 12:13 : update: removing X2Download.app - Nirvana - Smells Like Teen Spirit (Official Music Video) (320 kbps).mp3
Dec 31 12:13 : update: removing X2Download.app - Martin Garrix - Animals (Official Video) (320 kbps).mp3
Dec 31 12:13 : update: removing X2Download.app - Calvin Harris - Summer (Official Video) (320 kbps).mp3
Dec 31 12:13 : update: removing X2Download.app - Anyma & Chris Avantgarde - Eternity [Live from GENESYS London] (320 kbps).mp3
Dec 31 12:13 : update: removing new/X2Download.app - Max Martis & HALUNA - California Dreamin' (320 kbps).mp3
Dec 31 12:13 : update: removing new/X2Download.app - Elise Lieberth & Le Bober - Say It Right (Magic Cover Release) (320 kbps).mp3
Dec 31 12:13 : update: removing new/X2Download.app - Dream Chaos, Della - Supergirl [DEEP HOUSE 2023] (320 kbps).mp3
Dec 31 12:13 : update: removing X2Download.app - Tiësto & The Chainsmokers - Split (Only U) [Official Music Video] (320 kbps).mp3
Dec 31 12:13 : update: added /soundsperale-shy-video-edit.mp3
Dec 31 12:13 : update: added /T’art, Andreea Flavia - Stereo Love [pcUAdJI8M7Q].mp3
Dec 31 12:13 : update: added /black-pumas-colors-live-at-abbey-road-studios.mp3
Dec 31 12:13 : update: added /soundsperale-power-a-rassevich-remix-video-edit.mp3
Dec 31 12:13 : update: added /rassevich-the-red-space-qrvzh-remix-video-edit.mp3
Dec 31 12:13 : update: added /mr. kitty ＂after dark＂ + rain + traffic + reverb ｜ single loop version [T7DA5axoomA].mp3
Dec 31 12:13 : update: added /soundsperale-dont-leave-me-alone-original-mix.mp3
Dec 31 12:13 : output: Failed to open mixer for 'My ALSA Device': no such mixer control: PCM
Dec 31 12:20 : player: played "black-pumas-colors-live-at-abbey-road-studios.mp3"
Dec 31 12:20 : output: Failed to open mixer for 'My ALSA Device': no such mixer control: PCM
Dec 31 12:24 : player: played "mr. kitty ＂after dark＂ + rain + traffic + reverb ｜ single loop version [T7DA5axoomA].mp3"
Dec 31 12:24 : output: Failed to open mixer for 'My ALSA Device': no such mixer control: PCM
Dec 31 12:26 : player: played "rassevich-the-red-space-qrvzh-remix-video-edit.mp3"
Dec 31 12:26 : exception: Failed to decode /home/rwietter/Music/rassevich-the-red-space-qrvzh-remix-video-edit.mp3; Failed to open '/home/rwietter/Music/rassevich-the-red-space-qrvzh-remix-video-edit.mp3': No such file or directory
Dec 31 12:26 : player: played "rassevich-the-red-space-qrvzh-remix-video-edit.mp3"
Dec 31 12:26 : exception: Failed to decode /home/rwietter/Music/soundsperale-dont-leave-me-alone-original-mix.mp3; Failed to open '/home/rwietter/Music/soundsperale-dont-leave-me-alone-original-mix.mp3': No such file or directory
Dec 31 12:26 : player: played "soundsperale-dont-leave-me-alone-original-mix.mp3"
Dec 31 12:26 : exception: inotify_add_watch() has failed: No such file or directory
Dec 31 12:26 : config: option 'server' on line 17 was not recognized
Dec 31 12:26 : config: option 'sink' on line 18 was not recognized
Dec 31 12:26 : config: option 'path' on line 20 was not recognized
Dec 31 12:26 : config: option 'volume_normalization' on line 23 was not recognized
Dec 31 12:26 : mixer: Failed to read mixer for 'MPD': no such mixer control: PCM
Dec 31 12:26 : client: [0] command "currentsong" during idle
Dec 31 12:26 : config: option 'server' on line 17 was not recognized
Dec 31 12:26 : config: option 'sink' on line 18 was not recognized
Dec 31 12:26 : config: option 'path' on line 20 was not recognized
Dec 31 12:26 : config: option 'volume_normalization' on line 23 was not recognized
Dec 31 12:26 : output: Failed to open mixer for 'MPD': no such mixer control: PCM
Dec 31 12:26 : player: played "rassevich-the-red-space-qrvzh-remix-video-edit.mp3"
Dec 31 12:26 : config: option 'server' on line 17 was not recognized
Dec 31 12:26 : config: option 'sink' on line 18 was not recognized
Dec 31 12:26 : config: option 'path' on line 20 was not recognized
Dec 31 12:26 : config: option 'volume_normalization' on line 23 was not recognized
Dec 31 12:26 : output: Failed to open mixer for 'MPD': no such mixer control: PCM
Dec 31 12:27 : exception: Failed to open audio output
Dec 31 12:27 : client: [1] command "currentsong" during idle
Dec 31 12:27 : output: Failed to open mixer for 'MPD': no such mixer control: PCM
Dec 31 12:27 : exception: Failed to open audio output
Dec 31 12:27 : output: Failed to open mixer for 'MPD': no such mixer control: PCM
Dec 31 12:27 : exception: Failed to open audio output
Dec 31 12:27 : output: Failed to open mixer for 'MPD': no such mixer control: PCM
Dec 31 12:27 : output: Failed to open mixer for 'MPD': no such mixer control: PCM
Dec 31 12:27 : exception: Failed to open audio output
Dec 31 12:27 : output: Failed to open mixer for 'MPD': no such mixer control: PCM
Dec 31 12:27 : exception: Failed to open audio output
Dec 31 12:28 : output: Failed to open mixer for 'MPD': no such mixer control: PCM
Dec 31 12:28 : exception: Failed to open audio output
Dec 31 12:28 : output: Failed to open mixer for 'MPD': no such mixer control: PCM
Dec 31 12:29 : exception: Failed to open audio output
Dec 31 12:29 : output: Failed to open mixer for 'MPD': no such mixer control: PCM
Dec 31 12:29 : exception: Failed to open audio output
Dec 31 12:29 : output: Failed to open mixer for 'MPD': no such mixer control: PCM
Dec 31 12:29 : exception: Failed to open audio output
Dec 31 12:30 : output: Failed to open mixer for 'MPD': no such mixer control: PCM
Dec 31 12:30 : exception: Failed to open audio output
Dec 31 12:30 : output: Failed to open mixer for 'MPD': no such mixer control: PCM
Dec 31 12:30 : player: played "T’art, Andreea Flavia - Stereo Love [pcUAdJI8M7Q].mp3"
Dec 31 12:30 : output: Failed to open mixer for 'MPD': no such mixer control: PCM
Dec 31 12:30 : exception: Failed to open audio output
Dec 31 12:30 : output: Failed to open mixer for 'MPD': no such mixer control: PCM
Dec 31 12:30 : player: played "T’art, Andreea Flavia - Stereo Love [pcUAdJI8M7Q].mp3"
Dec 31 12:31 : exception: Failed to open audio output
Dec 31 12:31 : player: played "T’art, Andreea Flavia - Stereo Love [pcUAdJI8M7Q].mp3"
Dec 31 12:31 : config: option 'server' on line 17 was not recognized
Dec 31 12:31 : config: option 'sink' on line 18 was not recognized
Dec 31 12:31 : config: option 'path' on line 20 was not recognized
Dec 31 12:31 : mixer: Failed to read mixer for 'My ALSA Device': no such mixer control: PCM
Dec 31 12:31 : output: Failed to open mixer for 'My ALSA Device': no such mixer control: PCM
Dec 31 12:31 : client: [1] command "currentsong" during idle
Dec 31 12:31 : exception: Failed to open audio output
Dec 31 12:31 : config: option 'server' on line 17 was not recognized
Dec 31 12:31 : config: option 'sink' on line 18 was not recognized
Dec 31 12:31 : config: option 'path' on line 20 was not recognized
Dec 31 12:32 : output: Failed to open mixer for 'My ALSA Device': no such mixer control: PCM
Dec 31 12:38 : player: played "black-pumas-colors-live-at-abbey-road-studios.mp3"
Dec 31 12:38 : output: Failed to open mixer for 'My ALSA Device': no such mixer control: PCM
Dec 31 12:42 : player: played "mr. kitty ＂after dark＂ + rain + traffic + reverb ｜ single loop version [T7DA5axoomA].mp3"
Dec 31 12:42 : output: Failed to open mixer for 'My ALSA Device': no such mixer control: PCM
Dec 31 12:46 : player: played "rassevich-the-red-space-qrvzh-remix-video-edit.mp3"
Dec 31 12:51 : player: played "soundsperale-dont-leave-me-alone-original-mix.mp3"
Dec 31 12:56 : player: played "soundsperale-power-a-rassevich-remix-video-edit.mp3"
Dec 31 13:01 : player: played "soundsperale-shy-video-edit.mp3"
Dec 31 13:01 : output: Failed to open mixer for 'My ALSA Device': no such mixer control: PCM
Dec 31 13:03 : player: played "T’art, Andreea Flavia - Stereo Love [pcUAdJI8M7Q].mp3"
Dec 31 20:01 : output: Failed to open mixer for 'My ALSA Device': no such mixer control: PCM
Dec 31 20:03 : exception: Failed to commit /home/rwietter/.mpd/mpdstate: File exists
Dec 31 20:03 : player: played "T’art, Andreea Flavia - Stereo Love [pcUAdJI8M7Q].mp3"
Dec 31 20:03 : player: played "T’art, Andreea Flavia - Stereo Love [pcUAdJI8M7Q].mp3"
Dec 31 20:21 : config: option 'server' on line 17 was not recognized
Dec 31 20:21 : config: option 'sink' on line 18 was not recognized
Dec 31 20:21 : config: option 'path' on line 20 was not recognized
Dec 31 20:21 : mixer: Failed to read mixer for 'My ALSA Device': no such mixer control: PCM
Dec 31 20:21 : client: [0] command "currentsong" during idle
Dec 31 20:21 : output: Failed to open mixer for 'My ALSA Device': no such mixer control: PCM
Dec 31 20:23 : player: played "T’art, Andreea Flavia - Stereo Love [pcUAdJI8M7Q].mp3"
Dec 31 20:25 : output: Failed to open mixer for 'My ALSA Device': no such mixer control: PCM
Dec 31 20:30 : player: played "soundsperale-shy-video-edit.mp3"
Dec 31 20:30 : output: Failed to open mixer for 'My ALSA Device': no such mixer control: PCM
Dec 31 20:32 : output: Failed to open mixer for 'My ALSA Device': no such mixer control: PCM
Jan 09 19:46 : config: option 'server' on line 17 was not recognized
Jan 09 19:46 : config: option 'sink' on line 18 was not recognized
Jan 09 19:46 : config: option 'path' on line 20 was not recognized
Jan 09 19:46 : mixer: Failed to read mixer for 'My ALSA Device': no such mixer control: PCM
Jan 14 20:00 : config: option 'server' on line 17 was not recognized
Jan 14 20:00 : config: option 'sink' on line 18 was not recognized
Jan 14 20:00 : config: option 'path' on line 20 was not recognized
Jan 14 20:00 : mixer: Failed to read mixer for 'My ALSA Device': no such mixer control: PCM
Jan 14 20:08 : player: played "black-pumas-colors-live-at-abbey-road-studios.mp3"
Jan 14 20:09 : config: option 'server' on line 17 was not recognized
Jan 14 20:09 : config: option 'sink' on line 18 was not recognized
Jan 14 20:09 : config: option 'path' on line 20 was not recognized
Jan 14 20:09 : mixer: Failed to read mixer for 'My ALSA Device': no such mixer control: PCM
Jan 14 22:07 : config: option 'server' on line 17 was not recognized
Jan 14 22:07 : config: option 'sink' on line 18 was not recognized
Jan 14 22:07 : config: option 'path' on line 20 was not recognized
Jan 14 22:07 : mixer: Failed to read mixer for 'My ALSA Device': no such mixer control: PCM
Jan 17 09:03 : config: option 'server' on line 17 was not recognized
Jan 17 09:03 : config: option 'sink' on line 18 was not recognized
Jan 17 09:03 : config: option 'path' on line 20 was not recognized
Jan 17 09:03 : mixer: Failed to read mixer for 'My ALSA Device': no such mixer control: PCM
Jan 19 11:28 : config: option 'server' on line 17 was not recognized
Jan 19 11:28 : config: option 'sink' on line 18 was not recognized
Jan 19 11:28 : config: option 'path' on line 20 was not recognized
Jan 19 13:00 : config: option 'server' on line 17 was not recognized
Jan 19 13:00 : config: option 'sink' on line 18 was not recognized
Jan 19 13:00 : config: option 'path' on line 20 was not recognized
Jan 19 13:00 : mixer: Failed to read mixer for 'My ALSA Device': no such mixer control: PCM
Jan 19 20:10 : config: option 'server' on line 17 was not recognized
Jan 19 20:10 : config: option 'sink' on line 18 was not recognized
Jan 19 20:10 : config: option 'path' on line 20 was not recognized
Jan 19 20:10 : output: Failed to open mixer for 'My ALSA Device': no such mixer control: PCM
Jan 19 20:14 : player: played "mr. kitty ＂after dark＂ + rain + traffic + reverb ｜ single loop version [T7DA5axoomA].mp3"
Jan 19 20:14 : output: Failed to open mixer for 'My ALSA Device': no such mixer control: PCM
Jan 19 20:18 : player: played "rassevich-the-red-space-qrvzh-remix-video-edit.mp3"
Jan 19 20:26 : player: played "black-pumas-colors-live-at-abbey-road-studios.mp3"
Jan 19 20:26 : output: Failed to open mixer for 'My ALSA Device': no such mixer control: PCM
Jan 19 20:30 : player: played "mr. kitty ＂after dark＂ + rain + traffic + reverb ｜ single loop version [T7DA5axoomA].mp3"
Jan 19 20:30 : output: Failed to open mixer for 'My ALSA Device': no such mixer control: PCM
Jan 19 20:34 : player: played "rassevich-the-red-space-qrvzh-remix-video-edit.mp3"
Jan 19 20:39 : player: played "soundsperale-dont-leave-me-alone-original-mix.mp3"
Jan 20 10:09 : config: option 'server' on line 17 was not recognized
Jan 20 10:09 : config: option 'sink' on line 18 was not recognized
Jan 20 10:09 : config: option 'path' on line 20 was not recognized
Jan 20 10:09 : mixer: Failed to read mixer for 'My ALSA Device': no such mixer control: PCM
Jan 20 10:19 : output: Failed to open mixer for 'My ALSA Device': no such mixer control: PCM
Jan 20 10:24 : player: played "soundsperale-shy-video-edit.mp3"
Jan 20 10:24 : output: Failed to open mixer for 'My ALSA Device': no such mixer control: PCM
Jan 20 10:27 : player: played "T’art, Andreea Flavia - Stereo Love [pcUAdJI8M7Q].mp3"
Jan 20 10:29 : output: Failed to open mixer for 'My ALSA Device': no such mixer control: PCM
Jan 20 10:29 : output: Failed to open mixer for 'My ALSA Device': no such mixer control: PCM
Jan 20 10:31 : player: played "T’art, Andreea Flavia - Stereo Love [pcUAdJI8M7Q].mp3"
Jan 20 11:20 : output: Failed to open mixer for 'My ALSA Device': no such mixer control: PCM
Jan 20 11:27 : player: played "black-pumas-colors-live-at-abbey-road-studios.mp3"
Jan 20 11:27 : output: Failed to open mixer for 'My ALSA Device': no such mixer control: PCM
Jan 20 11:31 : player: played "mr. kitty ＂after dark＂ + rain + traffic + reverb ｜ single loop version [T7DA5axoomA].mp3"
Jan 20 11:31 : output: Failed to open mixer for 'My ALSA Device': no such mixer control: PCM
Jan 20 11:35 : player: played "rassevich-the-red-space-qrvzh-remix-video-edit.mp3"
Jan 20 11:40 : player: played "soundsperale-dont-leave-me-alone-original-mix.mp3"
Jan 20 11:45 : player: played "soundsperale-power-a-rassevich-remix-video-edit.mp3"
Jan 20 11:50 : player: played "soundsperale-shy-video-edit.mp3"
Jan 20 11:50 : output: Failed to open mixer for 'My ALSA Device': no such mixer control: PCM
Jan 20 11:52 : player: played "T’art, Andreea Flavia - Stereo Love [pcUAdJI8M7Q].mp3"
Jan 20 13:35 : config: option 'server' on line 17 was not recognized
Jan 20 13:35 : config: option 'sink' on line 18 was not recognized
Jan 20 13:35 : config: option 'path' on line 20 was not recognized
Jan 20 13:35 : mixer: Failed to read mixer for 'My ALSA Device': no such mixer control: PCM
Jan 20 13:35 : output: Failed to open mixer for 'My ALSA Device': no such mixer control: PCM
Jan 20 13:42 : player: played "black-pumas-colors-live-at-abbey-road-studios.mp3"
Jan 20 13:42 : output: Failed to open mixer for 'My ALSA Device': no such mixer control: PCM
Jan 20 13:46 : player: played "mr. kitty ＂after dark＂ + rain + traffic + reverb ｜ single loop version [T7DA5axoomA].mp3"
Jan 20 13:46 : output: Failed to open mixer for 'My ALSA Device': no such mixer control: PCM
Jan 20 13:50 : player: played "rassevich-the-red-space-qrvzh-remix-video-edit.mp3"
Jan 20 13:54 : player: played "soundsperale-dont-leave-me-alone-original-mix.mp3"
Jan 20 13:59 : player: played "soundsperale-power-a-rassevich-remix-video-edit.mp3"
Jan 20 14:04 : player: played "soundsperale-shy-video-edit.mp3"
Jan 20 14:04 : output: Failed to open mixer for 'My ALSA Device': no such mixer control: PCM
Jan 20 14:07 : player: played "T’art, Andreea Flavia - Stereo Love [pcUAdJI8M7Q].mp3"
Jan 24 06:47 : config: option 'server' on line 17 was not recognized
Jan 24 06:47 : config: option 'sink' on line 18 was not recognized
Jan 24 06:47 : config: option 'path' on line 20 was not recognized
Jan 24 06:47 : mixer: Failed to read mixer for 'My ALSA Device': no such mixer control: PCM
Jan 24 07:00 : exception: Failed to open "My ALSA Device" (alsa); Failed to open ALSA device "hw:0,0": Device or resource busy
Jan 24 07:00 : exception: Failed to open "My ALSA Device" (alsa); Failed to open ALSA device "hw:0,0": Device or resource busy
Jan 24 07:00 : player: problems opening audio device while playing "mr. kitty ＂after dark＂ + rain + traffic + reverb ｜ single loop version [T7DA5axoomA].mp3"
Jan 24 07:00 : exception: Failed to open "My ALSA Device" (alsa); Failed to open ALSA device "hw:0,0": Device or resource busy
Jan 24 07:00 : exception: Failed to open "My ALSA Device" (alsa); Failed to open ALSA device "hw:0,0": Device or resource busy
Jan 24 07:01 : exception: Failed to open "My ALSA Device" (alsa); Failed to open ALSA device "hw:0,0": Device or resource busy
Jan 24 07:01 : exception: Failed to open "My ALSA Device" (alsa); Failed to open ALSA device "hw:0,0": Device or resource busy
Jan 24 07:01 : exception: Failed to open "My ALSA Device" (alsa); Failed to open ALSA device "hw:0,0": Device or resource busy
Jan 24 07:01 : exception: Failed to open "My ALSA Device" (alsa); Failed to open ALSA device "hw:0,0": Device or resource busy
Jan 24 07:03 : output: Failed to open mixer for 'My ALSA Device': no such mixer control: PCM
Jan 24 07:07 : player: played "mr. kitty ＂after dark＂ + rain + traffic + reverb ｜ single loop version [T7DA5axoomA].mp3"
Jan 24 07:07 : output: Failed to open mixer for 'My ALSA Device': no such mixer control: PCM
Jan 24 07:11 : player: played "rassevich-the-red-space-qrvzh-remix-video-edit.mp3"
Jan 24 07:15 : player: played "soundsperale-dont-leave-me-alone-original-mix.mp3"
Jan 24 07:20 : player: played "soundsperale-power-a-rassevich-remix-video-edit.mp3"
Jan 24 07:25 : player: played "soundsperale-shy-video-edit.mp3"
Jan 24 07:25 : output: Failed to open mixer for 'My ALSA Device': no such mixer control: PCM
Jan 24 07:28 : player: played "T’art, Andreea Flavia - Stereo Love [pcUAdJI8M7Q].mp3"
Jan 24 14:41 : config: option 'server' on line 17 was not recognized
Jan 24 14:41 : config: option 'sink' on line 18 was not recognized
Jan 24 14:41 : config: option 'path' on line 20 was not recognized
Jan 24 14:42 : output: Failed to open mixer for 'My ALSA Device': no such mixer control: PCM
Jan 24 14:42 : output: Failed to open mixer for 'My ALSA Device': no such mixer control: PCM
Jan 24 14:48 : player: played "black-pumas-colors-live-at-abbey-road-studios.mp3"
Jan 24 14:48 : output: Failed to open mixer for 'My ALSA Device': no such mixer control: PCM
Jan 24 14:53 : player: played "mr. kitty ＂after dark＂ + rain + traffic + reverb ｜ single loop version [T7DA5axoomA].mp3"
Jan 24 14:53 : output: Failed to open mixer for 'My ALSA Device': no such mixer control: PCM
Jan 24 14:57 : player: played "rassevich-the-red-space-qrvzh-remix-video-edit.mp3"
Jan 24 15:01 : player: played "soundsperale-dont-leave-me-alone-original-mix.mp3"
Jan 24 15:06 : player: played "soundsperale-power-a-rassevich-remix-video-edit.mp3"
Jan 24 15:11 : player: played "soundsperale-shy-video-edit.mp3"
Jan 24 15:11 : output: Failed to open mixer for 'My ALSA Device': no such mixer control: PCM
Jan 24 15:12 : update: added Music/ROBIN SCHULZ FEAT. ERIKA SIROLA – SPEECHLESS (OFFICIAL VIDEO) [wEzHUFvGO0Q].mp3
Jan 24 15:12 : update: added Music/ROBIN SCHULZ FEAT. ERIKA SIROLA – SPEECHLESS (OFFICIAL VIDEO) [wEzHUFvGO0Q].mp3
Jan 24 15:12 : update: added Music/ROBIN SCHULZ & HUGEL - I BELIEVE I'M FINE (OFFICIAL MUSIC VIDEO) [hzp4upS8M8Y].mp3
Jan 24 15:12 : update: added Music/ROBIN SCHULZ & RICHARD JUDGE – SHOW ME LOVE (OFFICIAL VIDEO) [DMg8LwfXdyc].mp3
Jan 24 15:12 : update: added Music/ROBIN SCHULZ & HUGEL - I BELIEVE I'M FINE (OFFICIAL MUSIC VIDEO) [hzp4upS8M8Y].mp3
Jan 24 15:12 : update: added Music/ROBIN SCHULZ & RICHARD JUDGE – SHOW ME LOVE (OFFICIAL VIDEO) [DMg8LwfXdyc].mp3
Jan 24 15:12 : update: added Music/Nora En Pure - Come With Me (Official Video) [MyNfuquQKJI].mp3
Jan 24 15:12 : update: added Music/Nora En Pure - Come With Me (Official Video) [MyNfuquQKJI].mp3
Jan 24 15:12 : update: added Music/Robin Schulz - Headlights [feat. Ilsey] [Official Video] [vAEwLvxHVVk].mp3
Jan 24 15:12 : update: added Music/Robin Schulz - Headlights [feat. Ilsey] [Official Video] [vAEwLvxHVVk].mp3
Jan 24 15:12 : update: added Music/Robin Schulz - Sun Goes Down feat. Jasmine Thompson (Official Video) [Mo4cmTaEDIk].mp3
Jan 24 15:12 : update: added Music/Robin Schulz - Sun Goes Down feat. Jasmine Thompson (Official Video) [Mo4cmTaEDIk].mp3
Jan 24 15:12 : update: added Music/[SPOTIFY-DOWNLOADER.COM] Float.mp3
Jan 24 15:12 : update: added Music/[SPOTIFY-DOWNLOADER.COM] Float.mp3
Jan 24 15:12 : update: added Music/Winona Oak & Robin Schulz - Oxygen (Official Video) [aXuS6doNDQU].mp3
Jan 24 15:12 : update: added Music/Winona Oak & Robin Schulz - Oxygen (Official Video) [aXuS6doNDQU].mp3
Jan 24 15:12 : update: added Music/ROBIN SCHULZ & MARC SCIBILIA - UNFORGETTABLE (OFFICIAL VIDEO) [RTergPAxY5Y].mp3
Jan 24 15:12 : update: added Music/ROBIN SCHULZ & MARC SCIBILIA - UNFORGETTABLE (OFFICIAL VIDEO) [RTergPAxY5Y].mp3
Jan 24 15:12 : exception: Failed to save database: Failed to commit /home/rwietter/.mpd/tag_cache: File exists
Jan 24 15:14 : player: played "T’art, Andreea Flavia - Stereo Love [pcUAdJI8M7Q].mp3"
Jan 24 15:16 : exception: Failed to create /home/rwietter/.mpd/mpdstate: No such file or directory
Jan 24 16:05 : config: option 'server' on line 17 was not recognized
Jan 24 16:05 : config: option 'sink' on line 18 was not recognized
Jan 24 16:05 : config: option 'path' on line 20 was not recognized
Jan 24 16:05 : config: option 'server' on line 17 was not recognized
Jan 24 16:05 : config: option 'sink' on line 18 was not recognized
Jan 24 16:05 : config: option 'path' on line 20 was not recognized
Jan 24 16:05 : mixer: Failed to read mixer for 'My ALSA Device': no such mixer control: PCM
Jan 24 16:32 : config: option 'server' on line 17 was not recognized
Jan 24 16:32 : config: option 'sink' on line 18 was not recognized
Jan 24 16:32 : config: option 'path' on line 20 was not recognized
Jan 24 16:32 : config: option 'server' on line 17 was not recognized
Jan 24 16:32 : config: option 'sink' on line 18 was not recognized
Jan 24 16:32 : config: option 'path' on line 20 was not recognized
Jan 24 16:33 : mixer: Failed to read mixer for 'My ALSA Device': no such mixer control: PCM
Jan 25 19:57 : config: option 'server' on line 17 was not recognized
Jan 25 19:57 : config: option 'sink' on line 18 was not recognized
Jan 25 19:57 : config: option 'path' on line 20 was not recognized
Jan 25 20:02 : config: option 'server' on line 17 was not recognized
Jan 25 20:02 : config: option 'sink' on line 18 was not recognized
Jan 25 20:02 : config: option 'path' on line 20 was not recognized
Jan 25 20:02 : config: option 'server' on line 17 was not recognized
Jan 25 20:02 : config: option 'sink' on line 18 was not recognized
Jan 25 20:02 : config: option 'path' on line 20 was not recognized
Jan 25 20:02 : mixer: Failed to read mixer for 'My ALSA Device': no such mixer control: PCM
Jan 25 20:10 : output: Failed to open mixer for 'My ALSA Device': no such mixer control: PCM
Jan 25 20:10 : output: Failed to open mixer for 'My ALSA Device': no such mixer control: PCM
Jan 25 20:10 : output: Failed to open mixer for 'My ALSA Device': no such mixer control: PCM
Jan 25 20:14 : output: Failed to open mixer for 'My ALSA Device': no such mixer control: PCM
Jan 25 20:19 : player: played "soundsperale-power-a-rassevich-remix-video-edit.mp3"
Jan 25 20:24 : player: played "soundsperale-shy-video-edit.mp3"
Jan 25 20:24 : output: Failed to open mixer for 'My ALSA Device': no such mixer control: PCM
Jan 25 20:27 : player: played "T’art, Andreea Flavia - Stereo Love [pcUAdJI8M7Q].mp3"
Jan 26 10:24 : config: option 'server' on line 17 was not recognized
Jan 26 10:24 : config: option 'sink' on line 18 was not recognized
Jan 26 10:24 : config: option 'path' on line 20 was not recognized
Jan 26 12:28 : config: option 'server' on line 17 was not recognized
Jan 26 12:28 : config: option 'sink' on line 18 was not recognized
Jan 26 12:28 : config: option 'path' on line 20 was not recognized
Jan 26 12:28 : config: option 'server' on line 17 was not recognized
Jan 26 12:28 : config: option 'sink' on line 18 was not recognized
Jan 26 12:28 : config: option 'path' on line 20 was not recognized
Jan 26 12:32 : config: option 'server' on line 17 was not recognized
Jan 26 12:32 : config: option 'sink' on line 18 was not recognized
Jan 26 12:32 : config: option 'path' on line 20 was not recognized
Jan 26 12:33 : config: option 'server' on line 17 was not recognized
Jan 26 12:33 : config: option 'sink' on line 18 was not recognized
Jan 26 12:33 : config: option 'path' on line 20 was not recognized
Jan 26 12:38 : config: option 'server' on line 17 was not recognized
Jan 26 12:38 : config: option 'sink' on line 18 was not recognized
Jan 26 12:38 : config: option 'path' on line 20 was not recognized
Jan 26 15:52 : output: Failed to open mixer for 'My ALSA Device': no such mixer control: PCM
Jan 26 15:58 : player: played "black-pumas-colors-live-at-abbey-road-studios.mp3"
Jan 26 15:58 : output: Failed to open mixer for 'My ALSA Device': no such mixer control: PCM
Jan 26 16:03 : player: played "mr. kitty ＂after dark＂ + rain + traffic + reverb ｜ single loop version [T7DA5axoomA].mp3"
Jan 26 16:03 : output: Failed to open mixer for 'My ALSA Device': no such mixer control: PCM
Jan 26 16:07 : player: played "rassevich-the-red-space-qrvzh-remix-video-edit.mp3"
Jan 26 16:11 : player: played "soundsperale-dont-leave-me-alone-original-mix.mp3"
Jan 26 16:16 : player: played "soundsperale-power-a-rassevich-remix-video-edit.mp3"
Jan 26 16:21 : player: played "soundsperale-shy-video-edit.mp3"
Jan 26 16:21 : output: Failed to open mixer for 'My ALSA Device': no such mixer control: PCM
Jan 26 16:24 : player: played "T’art, Andreea Flavia - Stereo Love [pcUAdJI8M7Q].mp3"
